Task ID: 7
Type: head
LR: 1e-4
Epochs: 9
Specified arguments: Namespace(small_subset=False, num_epochs=9, lr=0.0001, batch_size=32, device='cuda', model='roberta-base', type='head', prefix_length=128)
Loading the dataset ...
Slicing the data...
Size of the loaded dataset:
 - train: 8000
 - dev: 3270
 - test: 1427
Loading the tokenizer...
Loding the data into DS...
 >>>>>>>> Initializing the data loaders ... 
Loading the model ...
Moving model to device ...cuda
 >>>>>>>>  Starting training ... 
 >>>>>>>>  Initializing optimizer
Epoch 1 training:
 ===> Epoch 1
 - Average training metrics: accuracy={'accuracy': 0.6215}
 - Average validation metrics: accuracy={'accuracy': 0.6217125382262997}
 - Average test metrics: accuracy={'accuracy': 0.6320953048353188}
Epoch 1 took 75.93494653701782 seconds
Epoch 2 training:
 ===> Epoch 2
 - Average training metrics: accuracy={'accuracy': 0.6215}
 - Average validation metrics: accuracy={'accuracy': 0.6217125382262997}
 - Average test metrics: accuracy={'accuracy': 0.6320953048353188}
Epoch 2 took 55.580798864364624 seconds
Epoch 3 training:
 ===> Epoch 3
 - Average training metrics: accuracy={'accuracy': 0.6215}
 - Average validation metrics: accuracy={'accuracy': 0.6217125382262997}
 - Average test metrics: accuracy={'accuracy': 0.6320953048353188}
Epoch 3 took 56.00999927520752 seconds
Epoch 4 training:
 ===> Epoch 4
 - Average training metrics: accuracy={'accuracy': 0.6215}
 - Average validation metrics: accuracy={'accuracy': 0.6217125382262997}
 - Average test metrics: accuracy={'accuracy': 0.6320953048353188}
Epoch 4 took 55.382357120513916 seconds
Epoch 5 training:
 ===> Epoch 5
 - Average training metrics: accuracy={'accuracy': 0.6215}
 - Average validation metrics: accuracy={'accuracy': 0.6217125382262997}
 - Average test metrics: accuracy={'accuracy': 0.6320953048353188}
Epoch 5 took 55.33607602119446 seconds
Epoch 6 training:
 ===> Epoch 6
 - Average training metrics: accuracy={'accuracy': 0.6215}
 - Average validation metrics: accuracy={'accuracy': 0.6217125382262997}
 - Average test metrics: accuracy={'accuracy': 0.6320953048353188}
Epoch 6 took 55.417890548706055 seconds
Epoch 7 training:
 ===> Epoch 7
 - Average training metrics: accuracy={'accuracy': 0.6215}
 - Average validation metrics: accuracy={'accuracy': 0.6217125382262997}
 - Average test metrics: accuracy={'accuracy': 0.6320953048353188}
Epoch 7 took 53.5256986618042 seconds
Epoch 8 training:
 ===> Epoch 8
 - Average training metrics: accuracy={'accuracy': 0.62175}
 - Average validation metrics: accuracy={'accuracy': 0.6217125382262997}
 - Average test metrics: accuracy={'accuracy': 0.6320953048353188}
Epoch 8 took 52.12632393836975 seconds
Epoch 9 training:
 ===> Epoch 9
 - Average training metrics: accuracy={'accuracy': 0.62175}
 - Average validation metrics: accuracy={'accuracy': 0.6217125382262997}
 - Average test metrics: accuracy={'accuracy': 0.6327960756832516}
Epoch 9 took 52.09875249862671 seconds
torch.cuda.memory_allocated: 0.968091GB
torch.cuda.memory_reserved: 6.162109GB
torch.cuda.max_memory_reserved: 6.162109GB
Sun Apr  5 20:41:52 2026       
+-----------------------------------------------------------------------------------------+
| NVIDIA-SMI 555.42.06              Driver Version: 555.42.06      CUDA Version: 12.5     |
|-----------------------------------------+------------------------+----------------------+
| GPU  Name                 Persistence-M | Bus-Id          Disp.A | Volatile Uncorr. ECC |
| Fan  Temp   Perf          Pwr:Usage/Cap |           Memory-Usage | GPU-Util  Compute M. |
|                                         |                        |               MIG M. |
|=========================================+========================+======================|
|   0  NVIDIA A100 80GB PCIe          Off |   00000000:65:00.0 Off |                    0 |
| N/A   62C    P0             82W /  300W |    6827MiB /  81920MiB |     48%      Default |
|                                         |                        |             Disabled |
+-----------------------------------------+------------------------+----------------------+
|   1  NVIDIA A100 80GB PCIe          Off |   00000000:E3:00.0 Off |                    0 |
| N/A   45C    P0             48W /  300W |       1MiB /  81920MiB |      0%      Default |
|                                         |                        |             Disabled |
+-----------------------------------------+------------------------+----------------------+
                                                                                         
+-----------------------------------------------------------------------------------------+
| Processes:                                                                              |
|  GPU   GI   CI        PID   Type   Process name                              GPU Memory |
|        ID   ID                                                               Usage      |
|=========================================================================================|
|    0   N/A  N/A    663011      C   python                                       6818MiB |
+-----------------------------------------------------------------------------------------+

 - Average DEV metrics: accuracy={'accuracy': 0.6217125382262997}
 - Average TEST metrics: accuracy={'accuracy': 0.6327960756832516}
