Task ID: 8
Type: head
LR: 5e-4
Epochs: 7
Specified arguments: Namespace(small_subset=False, num_epochs=7, lr=0.0005, batch_size=32, device='cuda', model='roberta-base', type='head', prefix_length=128)
Loading the dataset ...
Slicing the data...
Size of the loaded dataset:
 - train: 8000
 - dev: 3270
 - test: 1427
Loading the tokenizer...
Loding the data into DS...
 >>>>>>>> Initializing the data loaders ... 
Loading the model ...
Moving model to device ...cuda
 >>>>>>>>  Starting training ... 
 >>>>>>>>  Initializing optimizer
Epoch 1 training:
 ===> Epoch 1
 - Average training metrics: accuracy={'accuracy': 0.60575}
 - Average validation metrics: accuracy={'accuracy': 0.6217125382262997}
 - Average test metrics: accuracy={'accuracy': 0.6391030133146461}
Epoch 1 took 32.35277581214905 seconds
Epoch 2 training:
 ===> Epoch 2
 - Average training metrics: accuracy={'accuracy': 0.620875}
 - Average validation metrics: accuracy={'accuracy': 0.6223241590214067}
 - Average test metrics: accuracy={'accuracy': 0.6398037841625789}
Epoch 2 took 33.62022519111633 seconds
Epoch 3 training:
 ===> Epoch 3
 - Average training metrics: accuracy={'accuracy': 0.624875}
 - Average validation metrics: accuracy={'accuracy': 0.6226299694189602}
 - Average test metrics: accuracy={'accuracy': 0.6475122634898388}
Epoch 3 took 31.323209524154663 seconds
Epoch 4 training:
 ===> Epoch 4
 - Average training metrics: accuracy={'accuracy': 0.63325}
 - Average validation metrics: accuracy={'accuracy': 0.6327217125382263}
 - Average test metrics: accuracy={'accuracy': 0.6538192011212334}
Epoch 4 took 34.45212483406067 seconds
Epoch 5 training:
 ===> Epoch 5
 - Average training metrics: accuracy={'accuracy': 0.637125}
 - Average validation metrics: accuracy={'accuracy': 0.636697247706422}
 - Average test metrics: accuracy={'accuracy': 0.6538192011212334}
Epoch 5 took 33.39047956466675 seconds
Epoch 6 training:
 ===> Epoch 6
 - Average training metrics: accuracy={'accuracy': 0.643375}
 - Average validation metrics: accuracy={'accuracy': 0.6409785932721712}
 - Average test metrics: accuracy={'accuracy': 0.6524176594253679}
Epoch 6 took 31.478525161743164 seconds
Epoch 7 training:
 ===> Epoch 7
 - Average training metrics: accuracy={'accuracy': 0.64525}
 - Average validation metrics: accuracy={'accuracy': 0.6422018348623854}
 - Average test metrics: accuracy={'accuracy': 0.6531184302733006}
Epoch 7 took 34.41468286514282 seconds
torch.cuda.memory_allocated: 0.968091GB
torch.cuda.memory_reserved: 6.162109GB
torch.cuda.max_memory_reserved: 6.162109GB
Sun Apr  5 20:36:44 2026       
+-----------------------------------------------------------------------------------------+
| NVIDIA-SMI 555.42.06              Driver Version: 555.42.06      CUDA Version: 12.5     |
|-----------------------------------------+------------------------+----------------------+
| GPU  Name                 Persistence-M | Bus-Id          Disp.A | Volatile Uncorr. ECC |
| Fan  Temp   Perf          Pwr:Usage/Cap |           Memory-Usage | GPU-Util  Compute M. |
|                                         |                        |               MIG M. |
|=========================================+========================+======================|
|   0  NVIDIA L40S                    Off |   00000000:42:00.0 Off |                    0 |
| N/A   56C    P0            239W /  350W |    6829MiB /  46068MiB |     22%      Default |
|                                         |                        |                  N/A |
+-----------------------------------------+------------------------+----------------------+
                                                                                         
+-----------------------------------------------------------------------------------------+
| Processes:                                                                              |
|  GPU   GI   CI        PID   Type   Process name                              GPU Memory |
|        ID   ID                                                               Usage      |
|=========================================================================================|
|    0   N/A  N/A   1317403      C   python                                       6820MiB |
+-----------------------------------------------------------------------------------------+

 - Average DEV metrics: accuracy={'accuracy': 0.6422018348623854}
 - Average TEST metrics: accuracy={'accuracy': 0.6531184302733006}
