Task ID: 9
Type: head
LR: 5e-4
Epochs: 9
Specified arguments: Namespace(small_subset=False, num_epochs=9, lr=0.0005, batch_size=32, device='cuda', model='roberta-base', type='head', prefix_length=128)
Loading the dataset ...
Slicing the data...
Size of the loaded dataset:
 - train: 8000
 - dev: 3270
 - test: 1427
Loading the tokenizer...
Loding the data into DS...
 >>>>>>>> Initializing the data loaders ... 
Loading the model ...
Moving model to device ...cuda
 >>>>>>>>  Starting training ... 
 >>>>>>>>  Initializing optimizer
Epoch 1 training:
 ===> Epoch 1
 - Average training metrics: accuracy={'accuracy': 0.621125}
 - Average validation metrics: accuracy={'accuracy': 0.6217125382262997}
 - Average test metrics: accuracy={'accuracy': 0.6327960756832516}
Epoch 1 took 33.889060497283936 seconds
Epoch 2 training:
 ===> Epoch 2
 - Average training metrics: accuracy={'accuracy': 0.622125}
 - Average validation metrics: accuracy={'accuracy': 0.6217125382262997}
 - Average test metrics: accuracy={'accuracy': 0.6355991590749824}
Epoch 2 took 33.63049817085266 seconds
Epoch 3 training:
 ===> Epoch 3
 - Average training metrics: accuracy={'accuracy': 0.628}
 - Average validation metrics: accuracy={'accuracy': 0.6302752293577981}
 - Average test metrics: accuracy={'accuracy': 0.6362999299229152}
Epoch 3 took 34.86960768699646 seconds
Epoch 4 training:
 ===> Epoch 4
 - Average training metrics: accuracy={'accuracy': 0.637875}
 - Average validation metrics: accuracy={'accuracy': 0.636697247706422}
 - Average test metrics: accuracy={'accuracy': 0.6440084092501752}
Epoch 4 took 34.7931432723999 seconds
Epoch 5 training:
 ===> Epoch 5
 - Average training metrics: accuracy={'accuracy': 0.6405}
 - Average validation metrics: accuracy={'accuracy': 0.636697247706422}
 - Average test metrics: accuracy={'accuracy': 0.6440084092501752}
Epoch 5 took 34.879432916641235 seconds
Epoch 6 training:
 ===> Epoch 6
 - Average training metrics: accuracy={'accuracy': 0.6455}
 - Average validation metrics: accuracy={'accuracy': 0.6382262996941896}
 - Average test metrics: accuracy={'accuracy': 0.6412053258584443}
Epoch 6 took 35.06242847442627 seconds
Epoch 7 training:
 ===> Epoch 7
 - Average training metrics: accuracy={'accuracy': 0.64775}
 - Average validation metrics: accuracy={'accuracy': 0.6403669724770642}
 - Average test metrics: accuracy={'accuracy': 0.6405045550105115}
Epoch 7 took 32.880699157714844 seconds
Epoch 8 training:
 ===> Epoch 8
 - Average training metrics: accuracy={'accuracy': 0.64925}
 - Average validation metrics: accuracy={'accuracy': 0.6415902140672783}
 - Average test metrics: accuracy={'accuracy': 0.6405045550105115}
Epoch 8 took 34.93137741088867 seconds
Epoch 9 training:
 ===> Epoch 9
 - Average training metrics: accuracy={'accuracy': 0.655875}
 - Average validation metrics: accuracy={'accuracy': 0.6425076452599389}
 - Average test metrics: accuracy={'accuracy': 0.6433076384022425}
Epoch 9 took 34.90353083610535 seconds
torch.cuda.memory_allocated: 0.968091GB
torch.cuda.memory_reserved: 6.162109GB
torch.cuda.max_memory_reserved: 6.162109GB
Sun Apr  5 20:38:08 2026       
+-----------------------------------------------------------------------------------------+
| NVIDIA-SMI 555.42.06              Driver Version: 555.42.06      CUDA Version: 12.5     |
|-----------------------------------------+------------------------+----------------------+
| GPU  Name                 Persistence-M | Bus-Id          Disp.A | Volatile Uncorr. ECC |
| Fan  Temp   Perf          Pwr:Usage/Cap |           Memory-Usage | GPU-Util  Compute M. |
|                                         |                        |               MIG M. |
|=========================================+========================+======================|
|   0  NVIDIA L40S                    Off |   00000000:81:00.0 Off |                    0 |
| N/A   57C    P0            264W /  350W |    6829MiB /  46068MiB |     37%      Default |
|                                         |                        |                  N/A |
+-----------------------------------------+------------------------+----------------------+
                                                                                         
+-----------------------------------------------------------------------------------------+
| Processes:                                                                              |
|  GPU   GI   CI        PID   Type   Process name                              GPU Memory |
|        ID   ID                                                               Usage      |
|=========================================================================================|
|    0   N/A  N/A   1317402      C   python                                       6820MiB |
+-----------------------------------------------------------------------------------------+

 - Average DEV metrics: accuracy={'accuracy': 0.6425076452599389}
 - Average TEST metrics: accuracy={'accuracy': 0.6433076384022425}
