Task ID: 1
Model: distilbert-base-uncased
LR: 1e-4
Epochs: 9
Specified arguments: Namespace(small_subset=False, num_epochs=9, lr=0.0001, batch_size=32, device='cuda', model='distilbert-base-uncased')
Loading the dataset ...
Slicing the data...
Size of the loaded dataset:
 - train: 8000
 - dev: 3270
 - test: 1427
Loading the tokenizer...
Loding the data into DS...
 >>>>>>>> Initializing the data loaders ... 
Loading the model ...
Moving model to device ...cuda
 >>>>>>>>  Starting training ... 
 >>>>>>>>  Initializing optimizer
Epoch 1 training:
 ===> Epoch 1
 - Average training metrics: accuracy={'accuracy': 0.637875}
 - Average validation metrics: accuracy={'accuracy': 0.6678899082568808}
Epoch 2 training:
 ===> Epoch 2
 - Average training metrics: accuracy={'accuracy': 0.709}
 - Average validation metrics: accuracy={'accuracy': 0.6779816513761467}
Epoch 3 training:
 ===> Epoch 3
 - Average training metrics: accuracy={'accuracy': 0.8145}
 - Average validation metrics: accuracy={'accuracy': 0.6856269113149847}
Epoch 4 training:
 ===> Epoch 4
 - Average training metrics: accuracy={'accuracy': 0.896}
 - Average validation metrics: accuracy={'accuracy': 0.6675840978593273}
Epoch 5 training:
 ===> Epoch 5
 - Average training metrics: accuracy={'accuracy': 0.9425}
 - Average validation metrics: accuracy={'accuracy': 0.681651376146789}
Epoch 6 training:
 ===> Epoch 6
 - Average training metrics: accuracy={'accuracy': 0.9625}
 - Average validation metrics: accuracy={'accuracy': 0.6795107033639144}
Epoch 7 training:
 ===> Epoch 7
 - Average training metrics: accuracy={'accuracy': 0.9735}
 - Average validation metrics: accuracy={'accuracy': 0.6874617737003058}
Epoch 8 training:
 ===> Epoch 8
 - Average training metrics: accuracy={'accuracy': 0.98425}
 - Average validation metrics: accuracy={'accuracy': 0.6902140672782875}
Epoch 9 training:
 ===> Epoch 9
 - Average training metrics: accuracy={'accuracy': 0.989875}
 - Average validation metrics: accuracy={'accuracy': 0.6920489296636085}
torch.cuda.memory_allocated: 0.267210GB
torch.cuda.memory_reserved: 3.548828GB
torch.cuda.max_memory_reserved: 3.548828GB
Sun Apr  5 16:05:19 2026       
+-----------------------------------------------------------------------------------------+
| NVIDIA-SMI 555.42.06              Driver Version: 555.42.06      CUDA Version: 12.5     |
|-----------------------------------------+------------------------+----------------------+
| GPU  Name                 Persistence-M | Bus-Id          Disp.A | Volatile Uncorr. ECC |
| Fan  Temp   Perf          Pwr:Usage/Cap |           Memory-Usage | GPU-Util  Compute M. |
|                                         |                        |               MIG M. |
|=========================================+========================+======================|
|   0  Tesla V100-PCIE-32GB           Off |   00000000:89:00.0 Off |                    0 |
| N/A   75C    P0             64W /  250W |    4020MiB /  32768MiB |      0%      Default |
|                                         |                        |                  N/A |
+-----------------------------------------+------------------------+----------------------+
                                                                                         
+-----------------------------------------------------------------------------------------+
| Processes:                                                                              |
|  GPU   GI   CI        PID   Type   Process name                              GPU Memory |
|        ID   ID                                                               Usage      |
|=========================================================================================|
|    0   N/A  N/A   1276839      C   python                                       4016MiB |
+-----------------------------------------------------------------------------------------+

 - Average DEV metrics: accuracy={'accuracy': 0.6920489296636085}
 - Average TEST metrics: accuracy={'accuracy': 0.6874562018220042}
