Task ID: 9
Model: roberta-base
LR: 5e-4
Epochs: 9
Specified arguments: Namespace(small_subset=False, num_epochs=9, lr=0.0005, batch_size=32, device='cuda', model='roberta-base')
Loading the dataset ...
Slicing the data...
Size of the loaded dataset:
 - train: 8000
 - dev: 3270
 - test: 1427
Loading the tokenizer...
Loding the data into DS...
 >>>>>>>> Initializing the data loaders ... 
Loading the model ...
Moving model to device ...cuda
 >>>>>>>>  Starting training ... 
 >>>>>>>>  Initializing optimizer
Epoch 1 training:
 ===> Epoch 1
 - Average training metrics: accuracy={'accuracy': 0.6085}
 - Average validation metrics: accuracy={'accuracy': 0.6217125382262997}
Epoch 2 training:
 ===> Epoch 2
 - Average training metrics: accuracy={'accuracy': 0.620125}
 - Average validation metrics: accuracy={'accuracy': 0.6217125382262997}
Epoch 3 training:
 ===> Epoch 3
 - Average training metrics: accuracy={'accuracy': 0.621625}
 - Average validation metrics: accuracy={'accuracy': 0.6217125382262997}
Epoch 4 training:
 ===> Epoch 4
 - Average training metrics: accuracy={'accuracy': 0.622375}
 - Average validation metrics: accuracy={'accuracy': 0.6217125382262997}
Epoch 5 training:
 ===> Epoch 5
 - Average training metrics: accuracy={'accuracy': 0.623875}
 - Average validation metrics: accuracy={'accuracy': 0.6217125382262997}
Epoch 6 training:
 ===> Epoch 6
 - Average training metrics: accuracy={'accuracy': 0.622625}
 - Average validation metrics: accuracy={'accuracy': 0.6217125382262997}
Epoch 7 training:
 ===> Epoch 7
 - Average training metrics: accuracy={'accuracy': 0.62275}
 - Average validation metrics: accuracy={'accuracy': 0.6217125382262997}
Epoch 8 training:
 ===> Epoch 8
 - Average training metrics: accuracy={'accuracy': 0.623125}
 - Average validation metrics: accuracy={'accuracy': 0.6217125382262997}
Epoch 9 training:
 ===> Epoch 9
 - Average training metrics: accuracy={'accuracy': 0.623}
 - Average validation metrics: accuracy={'accuracy': 0.6217125382262997}
torch.cuda.memory_allocated: 0.482284GB
torch.cuda.memory_reserved: 6.740234GB
torch.cuda.max_memory_reserved: 6.740234GB
Sun Apr  5 16:16:49 2026       
+-----------------------------------------------------------------------------------------+
| NVIDIA-SMI 555.42.06              Driver Version: 555.42.06      CUDA Version: 12.5     |
|-----------------------------------------+------------------------+----------------------+
| GPU  Name                 Persistence-M | Bus-Id          Disp.A | Volatile Uncorr. ECC |
| Fan  Temp   Perf          Pwr:Usage/Cap |           Memory-Usage | GPU-Util  Compute M. |
|                                         |                        |               MIG M. |
|=========================================+========================+======================|
|   0  Tesla V100-PCIE-32GB           Off |   00000000:89:00.0 Off |                    0 |
| N/A   76C    P0             63W /  250W |    7288MiB /  32768MiB |     22%      Default |
|                                         |                        |                  N/A |
+-----------------------------------------+------------------------+----------------------+
                                                                                         
+-----------------------------------------------------------------------------------------+
| Processes:                                                                              |
|  GPU   GI   CI        PID   Type   Process name                              GPU Memory |
|        ID   ID                                                               Usage      |
|=========================================================================================|
|    0   N/A  N/A   1277338      C   python                                       7284MiB |
+-----------------------------------------------------------------------------------------+

 - Average DEV metrics: accuracy={'accuracy': 0.6217125382262997}
 - Average TEST metrics: accuracy={'accuracy': 0.6236860546601262}
