Task ID: 3
Model: distilbert-base-uncased
LR: 5e-4
Epochs: 9
Specified arguments: Namespace(small_subset=False, num_epochs=9, lr=0.0005, batch_size=32, device='cuda', model='distilbert-base-uncased')
Loading the dataset ...
Slicing the data...
Size of the loaded dataset:
 - train: 8000
 - dev: 3270
 - test: 1427
Loading the tokenizer...
Loding the data into DS...
 >>>>>>>> Initializing the data loaders ... 
Loading the model ...
Moving model to device ...cuda
 >>>>>>>>  Starting training ... 
 >>>>>>>>  Initializing optimizer
Epoch 1 training:
 ===> Epoch 1
 - Average training metrics: accuracy={'accuracy': 0.623625}
 - Average validation metrics: accuracy={'accuracy': 0.6217125382262997}
Epoch 2 training:
 ===> Epoch 2
 - Average training metrics: accuracy={'accuracy': 0.624875}
 - Average validation metrics: accuracy={'accuracy': 0.6217125382262997}
Epoch 3 training:
 ===> Epoch 3
 - Average training metrics: accuracy={'accuracy': 0.625375}
 - Average validation metrics: accuracy={'accuracy': 0.6217125382262997}
Epoch 4 training:
 ===> Epoch 4
 - Average training metrics: accuracy={'accuracy': 0.625375}
 - Average validation metrics: accuracy={'accuracy': 0.6217125382262997}
Epoch 5 training:
 ===> Epoch 5
 - Average training metrics: accuracy={'accuracy': 0.625375}
 - Average validation metrics: accuracy={'accuracy': 0.6217125382262997}
Epoch 6 training:
 ===> Epoch 6
 - Average training metrics: accuracy={'accuracy': 0.625375}
 - Average validation metrics: accuracy={'accuracy': 0.6217125382262997}
Epoch 7 training:
 ===> Epoch 7
 - Average training metrics: accuracy={'accuracy': 0.625375}
 - Average validation metrics: accuracy={'accuracy': 0.6217125382262997}
Epoch 8 training:
 ===> Epoch 8
 - Average training metrics: accuracy={'accuracy': 0.625375}
 - Average validation metrics: accuracy={'accuracy': 0.6217125382262997}
Epoch 9 training:
 ===> Epoch 9
 - Average training metrics: accuracy={'accuracy': 0.625375}
 - Average validation metrics: accuracy={'accuracy': 0.6217125382262997}
torch.cuda.memory_allocated: 0.267210GB
torch.cuda.memory_reserved: 3.488281GB
torch.cuda.max_memory_reserved: 3.488281GB
Sun Apr  5 16:02:05 2026       
+-----------------------------------------------------------------------------------------+
| NVIDIA-SMI 555.42.06              Driver Version: 555.42.06      CUDA Version: 12.5     |
|-----------------------------------------+------------------------+----------------------+
| GPU  Name                 Persistence-M | Bus-Id          Disp.A | Volatile Uncorr. ECC |
| Fan  Temp   Perf          Pwr:Usage/Cap |           Memory-Usage | GPU-Util  Compute M. |
|                                         |                        |               MIG M. |
|=========================================+========================+======================|
|   0  NVIDIA L40S                    Off |   00000000:81:00.0 Off |                    0 |
| N/A   52C    P0            243W /  350W |    4091MiB /  46068MiB |     23%      Default |
|                                         |                        |                  N/A |
+-----------------------------------------+------------------------+----------------------+
                                                                                         
+-----------------------------------------------------------------------------------------+
| Processes:                                                                              |
|  GPU   GI   CI        PID   Type   Process name                              GPU Memory |
|        ID   ID                                                               Usage      |
|=========================================================================================|
|    0   N/A  N/A   2023031      C   python                                       4082MiB |
+-----------------------------------------------------------------------------------------+

 - Average DEV metrics: accuracy={'accuracy': 0.6217125382262997}
 - Average TEST metrics: accuracy={'accuracy': 0.6103714085494043}
